<?xml version="1.0" encoding="UTF-8"?>
<!-- Generated by org.testng.reporters.JUnitReportReporter -->
<testsuite hostname="DESKTOP-B12639A" failures="0" tests="8" name="SpiceJetBooking.SpiceJetAutomation" time="0.226" errors="1" timestamp="2024-11-12T01:29:07 GMT-08:00" skipped="7">
  <testcase classname="SpiceJetBooking.SpiceJetAutomation" name="setup" time="0.223">
    <error message="Unable to obtain: chromedriver, error chromedriver must exist: \path\to\chromedriver
For documentation on this error, please visit: https://www.selenium.dev/documentation/webdriver/troubleshooting/errors/driver_location/
Build info: version: &#039;4.24.0&#039;, revision: &#039;748ffc9bc3&#039;
System info: os.name: &#039;Windows 10&#039;, os.arch: &#039;amd64&#039;, os.version: &#039;10.0&#039;, java.version: &#039;21.0.4&#039;
Driver info: driver.version: ChromeDriver" type="org.openqa.selenium.remote.NoSuchDriverException">
      <![CDATA[org.openqa.selenium.remote.NoSuchDriverException: Unable to obtain: chromedriver, error chromedriver must exist: \path\to\chromedriver
For documentation on this error, please visit: https://www.selenium.dev/documentation/webdriver/troubleshooting/errors/driver_location/
Build info: version: '4.24.0', revision: '748ffc9bc3'
System info: os.name: 'Windows 10', os.arch: 'amd64', os.version: '10.0', java.version: '21.0.4'
Driver info: driver.version: ChromeDriver
at org.openqa.selenium.remote.service.DriverFinder.getBinaryPaths(DriverFinder.java:121)
at org.openqa.selenium.remote.service.DriverFinder.getDriverPath(DriverFinder.java:55)
at org.openqa.selenium.chrome.ChromeDriver.generateExecutor(ChromeDriver.java:99)
at org.openqa.selenium.chrome.ChromeDriver.<init>(ChromeDriver.java:88)
at org.openqa.selenium.chrome.ChromeDriver.<init>(ChromeDriver.java:83)
at org.openqa.selenium.chrome.ChromeDriver.<init>(ChromeDriver.java:51)
at SpiceJetBooking.SpiceJetAutomation.setup(SpiceJetAutomation.java:23)
at java.base/jdk.internal.reflect.DirectMethodHandleAccessor.invoke(DirectMethodHandleAccessor.java:103)
at java.base/java.lang.reflect.Method.invoke(Method.java:580)
at org.testng.internal.invokers.MethodInvocationHelper.invokeMethod(MethodInvocationHelper.java:141)
at org.testng.internal.invokers.MethodInvocationHelper.invokeMethodConsideringTimeout(MethodInvocationHelper.java:71)
at org.testng.internal.invokers.ConfigInvoker.invokeConfigurationMethod(ConfigInvoker.java:400)
at org.testng.internal.invokers.ConfigInvoker.invokeConfigurations(ConfigInvoker.java:333)
at org.testng.internal.invokers.TestMethodWorker.invokeBeforeClassMethods(TestMethodWorker.java:188)
at org.testng.internal.invokers.TestMethodWorker.run(TestMethodWorker.java:128)
at java.base/java.util.ArrayList.forEach(ArrayList.java:1596)
at org.testng.TestRunner.privateRun(TestRunner.java:739)
at org.testng.TestRunner.run(TestRunner.java:614)
at org.testng.SuiteRunner.runTest(SuiteRunner.java:421)
at org.testng.SuiteRunner.runSequentially(SuiteRunner.java:413)
at org.testng.SuiteRunner.privateRun(SuiteRunner.java:373)
at org.testng.SuiteRunner.run(SuiteRunner.java:312)
at org.testng.SuiteRunnerWorker.runSuite(SuiteRunnerWorker.java:52)
at org.testng.SuiteRunnerWorker.run(SuiteRunnerWorker.java:95)
at org.testng.TestNG.runSuitesSequentially(TestNG.java:1274)
at org.testng.TestNG.runSuitesLocally(TestNG.java:1208)
at org.testng.TestNG.runSuites(TestNG.java:1112)
at org.testng.TestNG.run(TestNG.java:1079)
at org.testng.remote.AbstractRemoteTestNG.run(AbstractRemoteTestNG.java:115)
at org.testng.remote.RemoteTestNG.initAndRun(RemoteTestNG.java:293)
at org.testng.remote.RemoteTestNG.main(RemoteTestNG.java:91)
Caused by: java.lang.IllegalStateException: chromedriver must exist: \path\to\chromedriver
at org.openqa.selenium.internal.Require$PathStateChecker.isExecutable(Require.java:478)
at org.openqa.selenium.remote.service.DriverFinder.getBinaryPaths(DriverFinder.java:118)
... 30 more
]]>
    </error>
  </testcase> <!-- setup -->
  <testcase classname="SpiceJetBooking.SpiceJetAutomation" name="validateSignUpPage" time="0.001">
    <skipped/>
  </testcase> <!-- validateSignUpPage -->
  <testcase classname="SpiceJetBooking.SpiceJetAutomation" name="loginWithDummyCredentials" time="0.000">
    <skipped/>
  </testcase> <!-- loginWithDummyCredentials -->
  <testcase classname="SpiceJetBooking.SpiceJetAutomation" name="searchFlights" time="0.000">
    <skipped/>
  </testcase> <!-- searchFlights -->
  <testcase classname="SpiceJetBooking.SpiceJetAutomation" name="selectFlightAndProceedToBooking" time="0.000">
    <skipped/>
  </testcase> <!-- selectFlightAndProceedToBooking -->
  <testcase classname="SpiceJetBooking.SpiceJetAutomation" name="fillBookingForm" time="0.001">
    <skipped/>
  </testcase> <!-- fillBookingForm -->
  <testcase classname="SpiceJetBooking.SpiceJetAutomation" name="verifyBookingConfirmation" time="0.001">
    <skipped/>
  </testcase> <!-- verifyBookingConfirmation -->
  <testcase classname="SpiceJetBooking.SpiceJetAutomation" name="validateBookingPageFields" time="0.000">
    <skipped/>
  </testcase> <!-- validateBookingPageFields -->
</testsuite> <!-- SpiceJetBooking.SpiceJetAutomation -->
